{"/Users/aryanteng/Desktop/SDOS/backend/src/app.controller.ts": {"path":"/Users/aryanteng/Desktop/SDOS/backend/src/app.controller.ts","statementMap":{"0":{"start":{"line":1,"column":0},"end":{"line":1,"column":49}},"1":{"start":{"line":2,"column":0},"end":{"line":2,"column":43}},"2":{"start":{"line":5,"column":26},"end":{"line":11,"column":null}},"3":{"start":{"line":6,"column":31},"end":{"line":6,"column":43}},"4":{"start":{"line":9,"column":4},"end":{"line":9,"column":38}},"5":{"start":{"line":8,"column":2},"end":{"line":10,"column":null}},"6":{"start":{"line":5,"column":13},"end":{"line":11,"column":null}}},"fnMap":{"0":{"name":"(anonymous_2)","decl":{"start":{"line":6,"column":2},"end":{"line":6,"column":31}},"loc":{"start":{"line":6,"column":53},"end":{"line":6,"column":57}}},"1":{"name":"(anonymous_3)","decl":{"start":{"line":8,"column":2},"end":{"line":8,"column":10}},"loc":{"start":{"line":8,"column":10},"end":{"line":10,"column":3}}}},"branchMap":{},"s":{"0":1,"1":1,"2":1,"3":1,"4":1,"5":1,"6":1},"f":{"0":1,"1":1},"b":{}}
,"/Users/aryanteng/Desktop/SDOS/backend/src/app.module.ts": {"path":"/Users/aryanteng/Desktop/SDOS/backend/src/app.module.ts","statementMap":{"0":{"start":{"line":1,"column":0},"end":{"line":1,"column":null}},"1":{"start":{"line":7,"column":0},"end":{"line":7,"column":49}},"2":{"start":{"line":8,"column":0},"end":{"line":8,"column":43}},"3":{"start":{"line":9,"column":0},"end":{"line":9,"column":57}},"4":{"start":{"line":10,"column":0},"end":{"line":10,"column":58}},"5":{"start":{"line":11,"column":0},"end":{"line":11,"column":65}},"6":{"start":{"line":12,"column":0},"end":{"line":12,"column":48}},"7":{"start":{"line":13,"column":0},"end":{"line":13,"column":48}},"8":{"start":{"line":14,"column":0},"end":{"line":14,"column":72}},"9":{"start":{"line":15,"column":0},"end":{"line":15,"column":52}},"10":{"start":{"line":33,"column":22},"end":{"line":46,"column":null}},"11":{"start":{"line":35,"column":4},"end":{"line":44,"column":9}},"12":{"start":{"line":33,"column":13},"end":{"line":46,"column":null}}},"fnMap":{"0":{"name":"(anonymous_1)","decl":{"start":{"line":34,"column":2},"end":{"line":34,"column":11}},"loc":{"start":{"line":34,"column":40},"end":{"line":45,"column":3}}}},"branchMap":{},"s":{"0":0,"1":0,"2":0,"3":0,"4":0,"5":0,"6":0,"7":0,"8":0,"9":0,"10":0,"11":0,"12":0},"f":{"0":0},"b":{}}
,"/Users/aryanteng/Desktop/SDOS/backend/src/app.service.ts": {"path":"/Users/aryanteng/Desktop/SDOS/backend/src/app.service.ts","statementMap":{"0":{"start":{"line":1,"column":0},"end":{"line":1,"column":44}},"1":{"start":{"line":4,"column":23},"end":{"line":8,"column":null}},"2":{"start":{"line":6,"column":4},"end":{"line":6,"column":33}},"3":{"start":{"line":4,"column":13},"end":{"line":8,"column":null}}},"fnMap":{"0":{"name":"(anonymous_1)","decl":{"start":{"line":5,"column":2},"end":{"line":5,"column":10}},"loc":{"start":{"line":5,"column":10},"end":{"line":7,"column":3}}}},"branchMap":{},"s":{"0":1,"1":1,"2":1,"3":1},"f":{"0":1},"b":{}}
,"/Users/aryanteng/Desktop/SDOS/backend/src/main.ts": {"path":"/Users/aryanteng/Desktop/SDOS/backend/src/main.ts","statementMap":{"0":{"start":{"line":1,"column":0},"end":{"line":1,"column":43}},"1":{"start":{"line":2,"column":0},"end":{"line":2,"column":65}},"2":{"start":{"line":3,"column":0},"end":{"line":3,"column":41}},"3":{"start":{"line":4,"column":0},"end":{"line":4,"column":28}},"4":{"start":{"line":5,"column":0},"end":{"line":5,"column":48}},"5":{"start":{"line":8,"column":14},"end":{"line":8,"column":65}},"6":{"start":{"line":9,"column":2},"end":{"line":9,"column":43}},"7":{"start":{"line":10,"column":2},"end":{"line":10,"column":20}},"8":{"start":{"line":11,"column":17},"end":{"line":15,"column":12}},"9":{"start":{"line":16,"column":19},"end":{"line":16,"column":60}},"10":{"start":{"line":17,"column":2},"end":{"line":17,"column":44}},"11":{"start":{"line":19,"column":2},"end":{"line":19,"column":25}},"12":{"start":{"line":21,"column":0},"end":{"line":21,"column":12}}},"fnMap":{"0":{"name":"bootstrap","decl":{"start":{"line":7,"column":15},"end":{"line":7,"column":24}},"loc":{"start":{"line":7,"column":24},"end":{"line":20,"column":1}}}},"branchMap":{},"s":{"0":0,"1":0,"2":0,"3":0,"4":0,"5":0,"6":0,"7":0,"8":0,"9":0,"10":0,"11":0,"12":0},"f":{"0":0},"b":{}}
,"/Users/aryanteng/Desktop/SDOS/backend/src/script.ts": {"path":"/Users/aryanteng/Desktop/SDOS/backend/src/script.ts","statementMap":{"0":{"start":{"line":1,"column":0},"end":{"line":1,"column":46}},"1":{"start":{"line":3,"column":15},"end":{"line":3,"column":33}},"2":{"start":{"line":6,"column":2},"end":{"line":6,"column":29}},"3":{"start":{"line":9,"column":0},"end":{"line":17,"column":5}},"4":{"start":{"line":11,"column":4},"end":{"line":11,"column":31}},"5":{"start":{"line":14,"column":4},"end":{"line":14,"column":21}},"6":{"start":{"line":15,"column":4},"end":{"line":15,"column":31}},"7":{"start":{"line":16,"column":4},"end":{"line":16,"column":20}}},"fnMap":{"0":{"name":"main","decl":{"start":{"line":5,"column":15},"end":{"line":5,"column":19}},"loc":{"start":{"line":5,"column":19},"end":{"line":7,"column":1}}},"1":{"name":"(anonymous_1)","decl":{"start":{"line":10,"column":8},"end":{"line":10,"column":13}},"loc":{"start":{"line":10,"column":19},"end":{"line":12,"column":3}}},"2":{"name":"(anonymous_2)","decl":{"start":{"line":13,"column":9},"end":{"line":13,"column":14}},"loc":{"start":{"line":13,"column":21},"end":{"line":17,"column":3}}}},"branchMap":{},"s":{"0":0,"1":0,"2":0,"3":0,"4":0,"5":0,"6":0,"7":0},"f":{"0":0,"1":0,"2":0},"b":{}}
,"/Users/aryanteng/Desktop/SDOS/backend/src/auth/auth.controller.ts": {"path":"/Users/aryanteng/Desktop/SDOS/backend/src/auth/auth.controller.ts","statementMap":{"0":{"start":{"line":1,"column":0},"end":{"line":1,"column":56}},"1":{"start":{"line":2,"column":0},"end":{"line":2,"column":45}},"2":{"start":{"line":3,"column":0},"end":{"line":3,"column":43}},"3":{"start":{"line":4,"column":0},"end":{"line":4,"column":45}},"4":{"start":{"line":5,"column":0},"end":{"line":5,"column":59}},"5":{"start":{"line":6,"column":0},"end":{"line":6,"column":70}},"6":{"start":{"line":7,"column":0},"end":{"line":7,"column":42}},"7":{"start":{"line":11,"column":27},"end":{"line":30,"column":null}},"8":{"start":{"line":12,"column":31},"end":{"line":12,"column":44}},"9":{"start":{"line":16,"column":4},"end":{"line":16,"column":55}},"10":{"start":{"line":21,"column":4},"end":{"line":21,"column":52}},"11":{"start":{"line":28,"column":4},"end":{"line":28,"column":76}},"12":{"start":{"line":15,"column":8},"end":{"line":17,"column":null}},"13":{"start":{"line":20,"column":8},"end":{"line":22,"column":null}},"14":{"start":{"line":25,"column":8},"end":{"line":29,"column":null}},"15":{"start":{"line":11,"column":13},"end":{"line":30,"column":null}}},"fnMap":{"0":{"name":"(anonymous_4)","decl":{"start":{"line":12,"column":2},"end":{"line":12,"column":31}},"loc":{"start":{"line":12,"column":55},"end":{"line":12,"column":59}}},"1":{"name":"(anonymous_5)","decl":{"start":{"line":15,"column":2},"end":{"line":15,"column":7}},"loc":{"start":{"line":15,"column":66},"end":{"line":17,"column":3}}},"2":{"name":"(anonymous_6)","decl":{"start":{"line":20,"column":2},"end":{"line":20,"column":7}},"loc":{"start":{"line":20,"column":43},"end":{"line":22,"column":3}}},"3":{"name":"(anonymous_7)","decl":{"start":{"line":25,"column":2},"end":{"line":25,"column":7}},"loc":{"start":{"line":26,"column":56},"end":{"line":29,"column":3}}}},"branchMap":{},"s":{"0":1,"1":1,"2":1,"3":1,"4":1,"5":1,"6":1,"7":1,"8":4,"9":1,"10":1,"11":1,"12":1,"13":1,"14":1,"15":1},"f":{"0":4,"1":1,"2":1,"3":1},"b":{}}
,"/Users/aryanteng/Desktop/SDOS/backend/src/auth/auth.module.ts": {"path":"/Users/aryanteng/Desktop/SDOS/backend/src/auth/auth.module.ts","statementMap":{"0":{"start":{"line":1,"column":0},"end":{"line":1,"column":40}},"1":{"start":{"line":2,"column":0},"end":{"line":2,"column":45}},"2":{"start":{"line":3,"column":0},"end":{"line":3,"column":51}},"3":{"start":{"line":4,"column":0},"end":{"line":4,"column":55}},"4":{"start":{"line":11,"column":23},"end":{"line":11,"column":null}},"5":{"start":{"line":11,"column":13},"end":{"line":11,"column":null}}},"fnMap":{},"branchMap":{},"s":{"0":0,"1":0,"2":0,"3":0,"4":0,"5":0},"f":{},"b":{}}
,"/Users/aryanteng/Desktop/SDOS/backend/src/auth/auth.service.ts": {"path":"/Users/aryanteng/Desktop/SDOS/backend/src/auth/auth.service.ts","statementMap":{"0":{"start":{"line":2,"column":0},"end":{"line":2,"column":71}},"1":{"start":{"line":5,"column":0},"end":{"line":5,"column":57}},"2":{"start":{"line":6,"column":0},"end":{"line":6,"column":59}},"3":{"start":{"line":7,"column":0},"end":{"line":7,"column":33}},"4":{"start":{"line":9,"column":19},"end":{"line":9,"column":21}},"5":{"start":{"line":11,"column":24},"end":{"line":171,"column":null}},"6":{"start":{"line":12,"column":22},"end":{"line":12,"column":30}},"7":{"start":{"line":14,"column":17},"end":{"line":36,"column":6}},"8":{"start":{"line":37,"column":25},"end":{"line":50,"column":6}},"9":{"start":{"line":51,"column":4},"end":{"line":53,"column":null}},"10":{"start":{"line":52,"column":6},"end":{"line":52,"column":70}},"11":{"start":{"line":54,"column":4},"end":{"line":54,"column":39}},"12":{"start":{"line":58,"column":25},"end":{"line":65,"column":6}},"13":{"start":{"line":66,"column":4},"end":{"line":71,"column":null}},"14":{"start":{"line":67,"column":6},"end":{"line":70,"column":8}},"15":{"start":{"line":72,"column":4},"end":{"line":77,"column":null}},"16":{"start":{"line":73,"column":6},"end":{"line":76,"column":8}},"17":{"start":{"line":78,"column":4},"end":{"line":124,"column":null}},"18":{"start":{"line":79,"column":19},"end":{"line":79,"column":68}},"19":{"start":{"line":80,"column":6},"end":{"line":118,"column":9}},"20":{"start":{"line":120,"column":6},"end":{"line":122,"column":null}},"21":{"start":{"line":121,"column":8},"end":{"line":121,"column":76}},"22":{"start":{"line":123,"column":6},"end":{"line":123,"column":71}},"23":{"start":{"line":128,"column":4},"end":{"line":169,"column":null}},"24":{"start":{"line":129,"column":19},"end":{"line":131,"column":null}},"25":{"start":{"line":135,"column":8},"end":{"line":137,"column":47}},"26":{"start":{"line":139,"column":6},"end":{"line":160,"column":9}},"27":{"start":{"line":162,"column":6},"end":{"line":167,"column":null}},"28":{"start":{"line":163,"column":8},"end":{"line":166,"column":10}},"29":{"start":{"line":168,"column":6},"end":{"line":168,"column":71}},"30":{"start":{"line":11,"column":13},"end":{"line":171,"column":null}}},"fnMap":{"0":{"name":"(anonymous_2)","decl":{"start":{"line":12,"column":2},"end":{"line":12,"column":22}},"loc":{"start":{"line":12,"column":43},"end":{"line":12,"column":47}}},"1":{"name":"(anonymous_3)","decl":{"start":{"line":13,"column":2},"end":{"line":13,"column":7}},"loc":{"start":{"line":13,"column":45},"end":{"line":55,"column":3}}},"2":{"name":"(anonymous_4)","decl":{"start":{"line":57,"column":2},"end":{"line":57,"column":7}},"loc":{"start":{"line":57,"column":35},"end":{"line":125,"column":3}}},"3":{"name":"(anonymous_5)","decl":{"start":{"line":127,"column":2},"end":{"line":127,"column":7}},"loc":{"start":{"line":127,"column":71},"end":{"line":170,"column":3}}}},"branchMap":{"0":{"loc":{"start":{"line":51,"column":4},"end":{"line":53,"column":null}},"type":"if","locations":[{"start":{"line":51,"column":4},"end":{"line":53,"column":null}}]},"1":{"loc":{"start":{"line":51,"column":8},"end":{"line":51,"column":30}},"type":"binary-expr","locations":[{"start":{"line":51,"column":8},"end":{"line":51,"column":13}},{"start":{"line":51,"column":17},"end":{"line":51,"column":30}}]},"2":{"loc":{"start":{"line":54,"column":11},"end":{"line":54,"column":38}},"type":"cond-expr","locations":[{"start":{"line":54,"column":19},"end":{"line":54,"column":31}},{"start":{"line":54,"column":34},"end":{"line":54,"column":38}}]},"3":{"loc":{"start":{"line":66,"column":4},"end":{"line":71,"column":null}},"type":"if","locations":[{"start":{"line":66,"column":4},"end":{"line":71,"column":null}}]},"4":{"loc":{"start":{"line":66,"column":8},"end":{"line":66,"column":72}},"type":"binary-expr","locations":[{"start":{"line":66,"column":8},"end":{"line":66,"column":36}},{"start":{"line":66,"column":40},"end":{"line":66,"column":72}}]},"5":{"loc":{"start":{"line":72,"column":4},"end":{"line":77,"column":null}},"type":"if","locations":[{"start":{"line":72,"column":4},"end":{"line":77,"column":null}}]},"6":{"loc":{"start":{"line":72,"column":8},"end":{"line":72,"column":74}},"type":"binary-expr","locations":[{"start":{"line":72,"column":8},"end":{"line":72,"column":37}},{"start":{"line":72,"column":41},"end":{"line":72,"column":74}}]},"7":{"loc":{"start":{"line":120,"column":6},"end":{"line":122,"column":null}},"type":"if","locations":[{"start":{"line":120,"column":6},"end":{"line":122,"column":null}}]},"8":{"loc":{"start":{"line":162,"column":6},"end":{"line":167,"column":null}},"type":"if","locations":[{"start":{"line":162,"column":6},"end":{"line":167,"column":null}}]}},"s":{"0":2,"1":2,"2":2,"3":2,"4":2,"5":2,"6":10,"7":2,"8":2,"9":2,"10":1,"11":1,"12":1,"13":1,"14":0,"15":1,"16":0,"17":1,"18":1,"19":1,"20":1,"21":0,"22":1,"23":1,"24":1,"25":1,"26":1,"27":0,"28":0,"29":0,"30":2},"f":{"0":10,"1":2,"2":1,"3":1},"b":{"0":[1],"1":[2,1],"2":[0,1],"3":[0],"4":[1,1],"5":[0],"6":[1,0],"7":[0],"8":[0]}}
,"/Users/aryanteng/Desktop/SDOS/backend/src/auth/dto/login.dto.ts": {"path":"/Users/aryanteng/Desktop/SDOS/backend/src/auth/dto/login.dto.ts","statementMap":{"0":{"start":{"line":1,"column":0},"end":{"line":1,"column":46}},"1":{"start":{"line":2,"column":0},"end":{"line":2,"column":64}},"2":{"start":{"line":4,"column":0},"end":{"line":4,"column":13}},"3":{"start":{"line":9,"column":2},"end":{"line":9,"column":null}},"4":{"start":{"line":14,"column":2},"end":{"line":14,"column":null}}},"fnMap":{},"branchMap":{},"s":{"0":1,"1":1,"2":1,"3":1,"4":1},"f":{},"b":{}}
,"/Users/aryanteng/Desktop/SDOS/backend/src/auth/dto/organisation.signup.dto.ts": {"path":"/Users/aryanteng/Desktop/SDOS/backend/src/auth/dto/organisation.signup.dto.ts","statementMap":{"0":{"start":{"line":1,"column":0},"end":{"line":1,"column":46}},"1":{"start":{"line":2,"column":0},"end":{"line":2,"column":50}},"2":{"start":{"line":3,"column":0},"end":{"line":3,"column":62}},"3":{"start":{"line":5,"column":0},"end":{"line":5,"column":13}},"4":{"start":{"line":9,"column":2},"end":{"line":9,"column":null}},"5":{"start":{"line":14,"column":2},"end":{"line":14,"column":null}},"6":{"start":{"line":19,"column":2},"end":{"line":19,"column":null}},"7":{"start":{"line":24,"column":2},"end":{"line":24,"column":null}},"8":{"start":{"line":28,"column":2},"end":{"line":28,"column":null}},"9":{"start":{"line":33,"column":2},"end":{"line":33,"column":null}},"10":{"start":{"line":39,"column":2},"end":{"line":39,"column":null}},"11":{"start":{"line":43,"column":2},"end":{"line":43,"column":null}}},"fnMap":{},"branchMap":{},"s":{"0":1,"1":1,"2":1,"3":1,"4":1,"5":1,"6":1,"7":1,"8":1,"9":1,"10":1,"11":1},"f":{},"b":{}}
,"/Users/aryanteng/Desktop/SDOS/backend/src/auth/dto/signup.dto.ts": {"path":"/Users/aryanteng/Desktop/SDOS/backend/src/auth/dto/signup.dto.ts","statementMap":{"0":{"start":{"line":1,"column":0},"end":{"line":1,"column":46}},"1":{"start":{"line":2,"column":0},"end":{"line":2,"column":42}},"2":{"start":{"line":3,"column":0},"end":{"line":3,"column":null}},"3":{"start":{"line":12,"column":0},"end":{"line":12,"column":13}},"4":{"start":{"line":16,"column":2},"end":{"line":16,"column":null}},"5":{"start":{"line":21,"column":2},"end":{"line":21,"column":null}},"6":{"start":{"line":27,"column":2},"end":{"line":27,"column":null}},"7":{"start":{"line":32,"column":2},"end":{"line":32,"column":null}},"8":{"start":{"line":37,"column":2},"end":{"line":37,"column":null}},"9":{"start":{"line":42,"column":2},"end":{"line":42,"column":null}},"10":{"start":{"line":49,"column":2},"end":{"line":49,"column":null}},"11":{"start":{"line":54,"column":2},"end":{"line":54,"column":null}},"12":{"start":{"line":58,"column":2},"end":{"line":58,"column":null}}},"fnMap":{},"branchMap":{},"s":{"0":1,"1":1,"2":1,"3":1,"4":1,"5":1,"6":1,"7":1,"8":1,"9":1,"10":1,"11":1,"12":1},"f":{},"b":{}}
,"/Users/aryanteng/Desktop/SDOS/backend/src/auth/mock/index.ts": {"path":"/Users/aryanteng/Desktop/SDOS/backend/src/auth/mock/index.ts","statementMap":{"0":{"start":{"line":1,"column":0},"end":{"line":1,"column":60}},"1":{"start":{"line":6,"column":13},"end":{"line":27,"column":2}},"2":{"start":{"line":29,"column":13},"end":{"line":29,"column":32}},"3":{"start":{"line":31,"column":13},"end":{"line":34,"column":2}},"4":{"start":{"line":36,"column":13},"end":{"line":46,"column":2}},"5":{"start":{"line":48,"column":13},"end":{"line":57,"column":2}}},"fnMap":{},"branchMap":{},"s":{"0":6,"1":6,"2":6,"3":6,"4":6,"5":6},"f":{},"b":{}}
,"/Users/aryanteng/Desktop/SDOS/backend/src/auth/utils/index.ts": {"path":"/Users/aryanteng/Desktop/SDOS/backend/src/auth/utils/index.ts","statementMap":{"0":{"start":{"line":3,"column":4},"end":{"line":3,"column":68}},"1":{"start":{"line":4,"column":15},"end":{"line":4,"column":17}},"2":{"start":{"line":5,"column":27},"end":{"line":5,"column":44}},"3":{"start":{"line":6,"column":2},"end":{"line":9,"column":null}},"4":{"start":{"line":6,"column":15},"end":{"line":6,"column":16}},"5":{"start":{"line":7,"column":24},"end":{"line":7,"column":68}},"6":{"start":{"line":8,"column":4},"end":{"line":8,"column":45}},"7":{"start":{"line":10,"column":2},"end":{"line":10,"column":16}},"8":{"start":{"line":1,"column":0},"end":{"line":1,"column":24}}},"fnMap":{"0":{"name":"generateRandomAlphanumericWithLength","decl":{"start":{"line":1,"column":24},"end":{"line":1,"column":60}},"loc":{"start":{"line":1,"column":75},"end":{"line":11,"column":1}}}},"branchMap":{},"s":{"0":2,"1":2,"2":2,"3":2,"4":2,"5":10,"6":10,"7":2,"8":4},"f":{"0":2},"b":{}}
,"/Users/aryanteng/Desktop/SDOS/backend/src/common/decorators/user.decorator.ts": {"path":"/Users/aryanteng/Desktop/SDOS/backend/src/common/decorators/user.decorator.ts","statementMap":{"0":{"start":{"line":1,"column":0},"end":{"line":1,"column":72}},"1":{"start":{"line":3,"column":13},"end":{"line":9,"column":2}},"2":{"start":{"line":5,"column":20},"end":{"line":5,"column":51}},"3":{"start":{"line":6,"column":17},"end":{"line":6,"column":29}},"4":{"start":{"line":7,"column":4},"end":{"line":7,"column":38}}},"fnMap":{"0":{"name":"(anonymous_0)","decl":{"start":{"line":4,"column":2},"end":{"line":4,"column":3}},"loc":{"start":{"line":4,"column":42},"end":{"line":8,"column":3}}}},"branchMap":{"0":{"loc":{"start":{"line":7,"column":11},"end":{"line":7,"column":37}},"type":"cond-expr","locations":[{"start":{"line":7,"column":18},"end":{"line":7,"column":30}},{"start":{"line":7,"column":33},"end":{"line":7,"column":37}}]},"1":{"loc":{"start":{"line":7,"column":18},"end":{"line":7,"column":30}},"type":"cond-expr","locations":[{"start":{"line":7,"column":22},"end":{"line":7,"column":25}},{"start":{"line":7,"column":18},"end":{"line":7,"column":30}}]},"2":{"loc":{"start":{"line":7,"column":18},"end":{"line":7,"column":25}},"type":"binary-expr","locations":[{"start":{"line":7,"column":18},"end":{"line":7,"column":25}},{"start":{"line":7,"column":18},"end":{"line":7,"column":25}}]}},"s":{"0":5,"1":5,"2":0,"3":0,"4":0},"f":{"0":0},"b":{"0":[0,0],"1":[0,0],"2":[0,0]}}
,"/Users/aryanteng/Desktop/SDOS/backend/src/common/filters/http-exception.filter.ts": {"path":"/Users/aryanteng/Desktop/SDOS/backend/src/common/filters/http-exception.filter.ts","statementMap":{"0":{"start":{"line":1,"column":0},"end":{"line":1,"column":null}},"1":{"start":{"line":10,"column":32},"end":{"line":23,"column":null}},"2":{"start":{"line":12,"column":16},"end":{"line":12,"column":35}},"3":{"start":{"line":13,"column":21},"end":{"line":13,"column":48}},"4":{"start":{"line":14,"column":20},"end":{"line":14,"column":45}},"5":{"start":{"line":15,"column":19},"end":{"line":15,"column":40}},"6":{"start":{"line":17,"column":4},"end":{"line":21,"column":7}},"7":{"start":{"line":10,"column":13},"end":{"line":23,"column":null}}},"fnMap":{"0":{"name":"(anonymous_1)","decl":{"start":{"line":11,"column":2},"end":{"line":11,"column":7}},"loc":{"start":{"line":11,"column":53},"end":{"line":22,"column":3}}}},"branchMap":{},"s":{"0":0,"1":0,"2":0,"3":0,"4":0,"5":0,"6":0,"7":0},"f":{"0":0},"b":{}}
,"/Users/aryanteng/Desktop/SDOS/backend/src/firebase/config.ts": {"path":"/Users/aryanteng/Desktop/SDOS/backend/src/firebase/config.ts","statementMap":{"0":{"start":{"line":1,"column":13},"end":{"line":5,"column":2}}},"fnMap":{},"branchMap":{},"s":{"0":0},"f":{},"b":{}}
,"/Users/aryanteng/Desktop/SDOS/backend/src/firebase/firebase.config.ts": {"path":"/Users/aryanteng/Desktop/SDOS/backend/src/firebase/firebase.config.ts","statementMap":{"0":{"start":{"line":1,"column":0},"end":{"line":1,"column":34}},"1":{"start":{"line":3,"column":23},"end":{"line":7,"column":2}},"2":{"start":{"line":9,"column":0},"end":{"line":9,"column":30}}},"fnMap":{},"branchMap":{},"s":{"0":0,"1":0,"2":0},"f":{},"b":{}}
,"/Users/aryanteng/Desktop/SDOS/backend/src/firebase/firebase.service.ts": {"path":"/Users/aryanteng/Desktop/SDOS/backend/src/firebase/firebase.service.ts","statementMap":{"0":{"start":{"line":1,"column":0},"end":{"line":1,"column":44}},"1":{"start":{"line":2,"column":0},"end":{"line":2,"column":43}},"2":{"start":{"line":3,"column":0},"end":{"line":3,"column":47}},"3":{"start":{"line":6,"column":24},"end":{"line":18,"column":null}},"4":{"start":{"line":15,"column":2},"end":{"line":17,"column":4}},"5":{"start":{"line":16,"column":4},"end":{"line":16,"column":35}},"6":{"start":{"line":10,"column":4},"end":{"line":12,"column":7}},"7":{"start":{"line":6,"column":13},"end":{"line":18,"column":null}}},"fnMap":{"0":{"name":"(anonymous_2)","decl":{"start":{"line":9,"column":2},"end":{"line":9,"column":null}},"loc":{"start":{"line":9,"column":2},"end":{"line":13,"column":3}}},"1":{"name":"(anonymous_3)","decl":{"start":{"line":15,"column":12},"end":{"line":15,"column":35}},"loc":{"start":{"line":15,"column":37},"end":{"line":17,"column":3}}}},"branchMap":{},"s":{"0":0,"1":0,"2":0,"3":0,"4":0,"5":0,"6":0,"7":0},"f":{"0":0,"1":0},"b":{}}
,"/Users/aryanteng/Desktop/SDOS/backend/src/middleware/auth.middleware.ts": {"path":"/Users/aryanteng/Desktop/SDOS/backend/src/middleware/auth.middleware.ts","statementMap":{"0":{"start":{"line":1,"column":0},"end":{"line":1,"column":72}},"1":{"start":{"line":4,"column":0},"end":{"line":4,"column":60}},"2":{"start":{"line":7,"column":30},"end":{"line":41,"column":null}},"3":{"start":{"line":10,"column":22},"end":{"line":10,"column":35}},"4":{"start":{"line":11,"column":4},"end":{"line":11,"column":43}},"5":{"start":{"line":15,"column":18},"end":{"line":15,"column":43}},"6":{"start":{"line":16,"column":4},"end":{"line":30,"column":null}},"7":{"start":{"line":17,"column":6},"end":{"line":27,"column":11}},"8":{"start":{"line":20,"column":10},"end":{"line":22,"column":12}},"9":{"start":{"line":23,"column":10},"end":{"line":23,"column":17}},"10":{"start":{"line":26,"column":10},"end":{"line":26,"column":55}},"11":{"start":{"line":29,"column":6},"end":{"line":29,"column":51}},"12":{"start":{"line":34,"column":4},"end":{"line":39,"column":7}},"13":{"start":{"line":7,"column":13},"end":{"line":41,"column":null}}},"fnMap":{"0":{"name":"(anonymous_2)","decl":{"start":{"line":10,"column":2},"end":{"line":10,"column":22}},"loc":{"start":{"line":10,"column":46},"end":{"line":12,"column":3}}},"1":{"name":"(anonymous_3)","decl":{"start":{"line":14,"column":2},"end":{"line":14,"column":5}},"loc":{"start":{"line":14,"column":51},"end":{"line":31,"column":3}}},"2":{"name":"(anonymous_4)","decl":{"start":{"line":19,"column":14},"end":{"line":19,"column":19}},"loc":{"start":{"line":19,"column":37},"end":{"line":24,"column":9}}},"3":{"name":"(anonymous_5)","decl":{"start":{"line":25,"column":15},"end":{"line":25,"column":18}},"loc":{"start":{"line":25,"column":20},"end":{"line":27,"column":9}}},"4":{"name":"(anonymous_6)","decl":{"start":{"line":33,"column":10},"end":{"line":33,"column":16}},"loc":{"start":{"line":33,"column":56},"end":{"line":40,"column":3}}}},"branchMap":{"0":{"loc":{"start":{"line":16,"column":4},"end":{"line":30,"column":null}},"type":"if","locations":[{"start":{"line":16,"column":4},"end":{"line":30,"column":null}},{"start":{"line":28,"column":11},"end":{"line":30,"column":null}}]},"1":{"loc":{"start":{"line":16,"column":8},"end":{"line":16,"column":36}},"type":"binary-expr","locations":[{"start":{"line":16,"column":8},"end":{"line":16,"column":21}},{"start":{"line":16,"column":25},"end":{"line":16,"column":36}}]}},"s":{"0":0,"1":0,"2":0,"3":0,"4":0,"5":0,"6":0,"7":0,"8":0,"9":0,"10":0,"11":0,"12":0,"13":0},"f":{"0":0,"1":0,"2":0,"3":0,"4":0},"b":{"0":[0,0],"1":[0,0]}}
,"/Users/aryanteng/Desktop/SDOS/backend/src/organisation/organisation.controller.ts": {"path":"/Users/aryanteng/Desktop/SDOS/backend/src/organisation/organisation.controller.ts","statementMap":{"0":{"start":{"line":1,"column":0},"end":{"line":1,"column":69}},"1":{"start":{"line":2,"column":0},"end":{"line":2,"column":61}},"2":{"start":{"line":3,"column":0},"end":{"line":3,"column":70}},"3":{"start":{"line":4,"column":0},"end":{"line":4,"column":42}},"4":{"start":{"line":5,"column":0},"end":{"line":5,"column":59}},"5":{"start":{"line":9,"column":35},"end":{"line":44,"column":null}},"6":{"start":{"line":10,"column":31},"end":{"line":10,"column":52}},"7":{"start":{"line":14,"column":4},"end":{"line":14,"column":56}},"8":{"start":{"line":19,"column":4},"end":{"line":19,"column":51}},"9":{"start":{"line":24,"column":4},"end":{"line":24,"column":52}},"10":{"start":{"line":29,"column":4},"end":{"line":29,"column":54}},"11":{"start":{"line":34,"column":4},"end":{"line":34,"column":57}},"12":{"start":{"line":42,"column":4},"end":{"line":42,"column":78}},"13":{"start":{"line":13,"column":2},"end":{"line":15,"column":null}},"14":{"start":{"line":18,"column":2},"end":{"line":20,"column":null}},"15":{"start":{"line":23,"column":2},"end":{"line":25,"column":null}},"16":{"start":{"line":28,"column":2},"end":{"line":30,"column":null}},"17":{"start":{"line":33,"column":2},"end":{"line":35,"column":null}},"18":{"start":{"line":38,"column":2},"end":{"line":43,"column":null}},"19":{"start":{"line":9,"column":13},"end":{"line":44,"column":null}}},"fnMap":{"0":{"name":"(anonymous_4)","decl":{"start":{"line":10,"column":2},"end":{"line":10,"column":31}},"loc":{"start":{"line":10,"column":71},"end":{"line":10,"column":75}}},"1":{"name":"(anonymous_5)","decl":{"start":{"line":13,"column":2},"end":{"line":13,"column":9}},"loc":{"start":{"line":13,"column":41},"end":{"line":15,"column":3}}},"2":{"name":"(anonymous_6)","decl":{"start":{"line":18,"column":2},"end":{"line":18,"column":14}},"loc":{"start":{"line":18,"column":14},"end":{"line":20,"column":3}}},"3":{"name":"(anonymous_7)","decl":{"start":{"line":23,"column":2},"end":{"line":23,"column":9}},"loc":{"start":{"line":23,"column":41},"end":{"line":25,"column":3}}},"4":{"name":"(anonymous_8)","decl":{"start":{"line":28,"column":2},"end":{"line":28,"column":11}},"loc":{"start":{"line":28,"column":43},"end":{"line":30,"column":3}}},"5":{"name":"(anonymous_9)","decl":{"start":{"line":33,"column":2},"end":{"line":33,"column":14}},"loc":{"start":{"line":33,"column":46},"end":{"line":35,"column":3}}},"6":{"name":"(anonymous_10)","decl":{"start":{"line":38,"column":2},"end":{"line":38,"column":8}},"loc":{"start":{"line":40,"column":56},"end":{"line":43,"column":3}}}},"branchMap":{},"s":{"0":2,"1":2,"2":2,"3":2,"4":2,"5":2,"6":15,"7":1,"8":1,"9":1,"10":1,"11":1,"12":1,"13":2,"14":2,"15":2,"16":2,"17":2,"18":2,"19":2},"f":{"0":15,"1":1,"2":1,"3":1,"4":1,"5":1,"6":1},"b":{}}
,"/Users/aryanteng/Desktop/SDOS/backend/src/organisation/organisation.module.ts": {"path":"/Users/aryanteng/Desktop/SDOS/backend/src/organisation/organisation.module.ts","statementMap":{"0":{"start":{"line":1,"column":0},"end":{"line":1,"column":40}},"1":{"start":{"line":2,"column":0},"end":{"line":2,"column":61}},"2":{"start":{"line":3,"column":0},"end":{"line":3,"column":67}},"3":{"start":{"line":4,"column":0},"end":{"line":4,"column":56}},"4":{"start":{"line":11,"column":31},"end":{"line":11,"column":null}},"5":{"start":{"line":11,"column":13},"end":{"line":11,"column":null}}},"fnMap":{},"branchMap":{},"s":{"0":0,"1":0,"2":0,"3":0,"4":0,"5":0},"f":{},"b":{}}
,"/Users/aryanteng/Desktop/SDOS/backend/src/organisation/organisation.service.ts": {"path":"/Users/aryanteng/Desktop/SDOS/backend/src/organisation/organisation.service.ts","statementMap":{"0":{"start":{"line":1,"column":0},"end":{"line":1,"column":71}},"1":{"start":{"line":3,"column":0},"end":{"line":3,"column":57}},"2":{"start":{"line":6,"column":32},"end":{"line":139,"column":null}},"3":{"start":{"line":7,"column":22},"end":{"line":7,"column":30}},"4":{"start":{"line":10,"column":4},"end":{"line":20,"column":7}},"5":{"start":{"line":24,"column":4},"end":{"line":29,"column":7}},"6":{"start":{"line":33,"column":25},"end":{"line":46,"column":6}},"7":{"start":{"line":47,"column":4},"end":{"line":49,"column":null}},"8":{"start":{"line":48,"column":6},"end":{"line":48,"column":78}},"9":{"start":{"line":50,"column":4},"end":{"line":50,"column":24}},"10":{"start":{"line":54,"column":25},"end":{"line":69,"column":6}},"11":{"start":{"line":70,"column":4},"end":{"line":72,"column":null}},"12":{"start":{"line":71,"column":6},"end":{"line":71,"column":78}},"13":{"start":{"line":73,"column":4},"end":{"line":73,"column":30}},"14":{"start":{"line":77,"column":25},"end":{"line":108,"column":6}},"15":{"start":{"line":109,"column":4},"end":{"line":111,"column":null}},"16":{"start":{"line":110,"column":6},"end":{"line":110,"column":78}},"17":{"start":{"line":112,"column":4},"end":{"line":112,"column":33}},"18":{"start":{"line":119,"column":25},"end":{"line":133,"column":6}},"19":{"start":{"line":134,"column":4},"end":{"line":136,"column":null}},"20":{"start":{"line":135,"column":6},"end":{"line":135,"column":78}},"21":{"start":{"line":137,"column":4},"end":{"line":137,"column":24}},"22":{"start":{"line":6,"column":13},"end":{"line":139,"column":null}}},"fnMap":{"0":{"name":"(anonymous_2)","decl":{"start":{"line":7,"column":2},"end":{"line":7,"column":22}},"loc":{"start":{"line":7,"column":43},"end":{"line":7,"column":47}}},"1":{"name":"(anonymous_3)","decl":{"start":{"line":9,"column":2},"end":{"line":9,"column":7}},"loc":{"start":{"line":9,"column":34},"end":{"line":21,"column":3}}},"2":{"name":"(anonymous_4)","decl":{"start":{"line":23,"column":2},"end":{"line":23,"column":7}},"loc":{"start":{"line":23,"column":20},"end":{"line":30,"column":3}}},"3":{"name":"(anonymous_5)","decl":{"start":{"line":32,"column":2},"end":{"line":32,"column":7}},"loc":{"start":{"line":32,"column":30},"end":{"line":51,"column":3}}},"4":{"name":"(anonymous_6)","decl":{"start":{"line":53,"column":2},"end":{"line":53,"column":7}},"loc":{"start":{"line":53,"column":32},"end":{"line":74,"column":3}}},"5":{"name":"(anonymous_7)","decl":{"start":{"line":76,"column":2},"end":{"line":76,"column":7}},"loc":{"start":{"line":76,"column":35},"end":{"line":113,"column":3}}},"6":{"name":"(anonymous_8)","decl":{"start":{"line":115,"column":2},"end":{"line":115,"column":7}},"loc":{"start":{"line":117,"column":48},"end":{"line":138,"column":3}}}},"branchMap":{"0":{"loc":{"start":{"line":47,"column":4},"end":{"line":49,"column":null}},"type":"if","locations":[{"start":{"line":47,"column":4},"end":{"line":49,"column":null}}]},"1":{"loc":{"start":{"line":70,"column":4},"end":{"line":72,"column":null}},"type":"if","locations":[{"start":{"line":70,"column":4},"end":{"line":72,"column":null}}]},"2":{"loc":{"start":{"line":109,"column":4},"end":{"line":111,"column":null}},"type":"if","locations":[{"start":{"line":109,"column":4},"end":{"line":111,"column":null}}]},"3":{"loc":{"start":{"line":134,"column":4},"end":{"line":136,"column":null}},"type":"if","locations":[{"start":{"line":134,"column":4},"end":{"line":136,"column":null}}]}},"s":{"0":2,"1":2,"2":2,"3":15,"4":1,"5":1,"6":2,"7":2,"8":1,"9":1,"10":1,"11":1,"12":0,"13":1,"14":1,"15":1,"16":0,"17":1,"18":2,"19":2,"20":1,"21":1,"22":2},"f":{"0":15,"1":1,"2":1,"3":2,"4":1,"5":1,"6":2},"b":{"0":[1],"1":[0],"2":[0],"3":[1]}}
,"/Users/aryanteng/Desktop/SDOS/backend/src/organisation/dto/update-organisation.dto.ts": {"path":"/Users/aryanteng/Desktop/SDOS/backend/src/organisation/dto/update-organisation.dto.ts","statementMap":{"0":{"start":{"line":1,"column":0},"end":{"line":1,"column":46}},"1":{"start":{"line":2,"column":0},"end":{"line":2,"column":43}},"2":{"start":{"line":4,"column":0},"end":{"line":4,"column":13}},"3":{"start":{"line":7,"column":2},"end":{"line":7,"column":null}},"4":{"start":{"line":11,"column":2},"end":{"line":11,"column":null}},"5":{"start":{"line":15,"column":2},"end":{"line":15,"column":null}}},"fnMap":{},"branchMap":{},"s":{"0":2,"1":2,"2":2,"3":2,"4":2,"5":2},"f":{},"b":{}}
,"/Users/aryanteng/Desktop/SDOS/backend/src/organisation/entities/organisation.entity.ts": {"path":"/Users/aryanteng/Desktop/SDOS/backend/src/organisation/entities/organisation.entity.ts","statementMap":{"0":{"start":{"line":1,"column":0},"end":{"line":1,"column":13}}},"fnMap":{},"branchMap":{},"s":{"0":0},"f":{},"b":{}}
,"/Users/aryanteng/Desktop/SDOS/backend/src/organisation/mock/index.ts": {"path":"/Users/aryanteng/Desktop/SDOS/backend/src/organisation/mock/index.ts","statementMap":{"0":{"start":{"line":1,"column":0},"end":{"line":1,"column":75}},"1":{"start":{"line":3,"column":13},"end":{"line":34,"column":2}},"2":{"start":{"line":36,"column":13},"end":{"line":53,"column":2}},"3":{"start":{"line":55,"column":13},"end":{"line":70,"column":2}},"4":{"start":{"line":72,"column":31},"end":{"line":85,"column":2}},"5":{"start":{"line":87,"column":13},"end":{"line":90,"column":2}}},"fnMap":{},"branchMap":{},"s":{"0":8,"1":8,"2":8,"3":8,"4":8,"5":8},"f":{},"b":{}}
,"/Users/aryanteng/Desktop/SDOS/backend/src/prisma/prisma.module.ts": {"path":"/Users/aryanteng/Desktop/SDOS/backend/src/prisma/prisma.module.ts","statementMap":{"0":{"start":{"line":1,"column":0},"end":{"line":1,"column":40}},"1":{"start":{"line":2,"column":0},"end":{"line":2,"column":49}},"2":{"start":{"line":8,"column":25},"end":{"line":8,"column":null}},"3":{"start":{"line":8,"column":13},"end":{"line":8,"column":null}}},"fnMap":{},"branchMap":{},"s":{"0":0,"1":0,"2":0,"3":0},"f":{},"b":{}}
,"/Users/aryanteng/Desktop/SDOS/backend/src/prisma/prisma.service.ts": {"path":"/Users/aryanteng/Desktop/SDOS/backend/src/prisma/prisma.service.ts","statementMap":{"0":{"start":{"line":1,"column":0},"end":{"line":1,"column":58}},"1":{"start":{"line":2,"column":0},"end":{"line":2,"column":46}},"2":{"start":{"line":5,"column":26},"end":{"line":9,"column":null}},"3":{"start":{"line":7,"column":4},"end":{"line":7,"column":26}},"4":{"start":{"line":5,"column":13},"end":{"line":9,"column":null}}},"fnMap":{"0":{"name":"(anonymous_1)","decl":{"start":{"line":6,"column":2},"end":{"line":6,"column":7}},"loc":{"start":{"line":6,"column":20},"end":{"line":8,"column":3}}}},"branchMap":{},"s":{"0":8,"1":8,"2":8,"3":0,"4":8},"f":{"0":0},"b":{}}
,"/Users/aryanteng/Desktop/SDOS/backend/src/project/project.controller.ts": {"path":"/Users/aryanteng/Desktop/SDOS/backend/src/project/project.controller.ts","statementMap":{"0":{"start":{"line":1,"column":0},"end":{"line":1,"column":75}},"1":{"start":{"line":2,"column":0},"end":{"line":2,"column":51}},"2":{"start":{"line":3,"column":0},"end":{"line":3,"column":60}},"3":{"start":{"line":4,"column":0},"end":{"line":4,"column":60}},"4":{"start":{"line":5,"column":0},"end":{"line":5,"column":42}},"5":{"start":{"line":6,"column":0},"end":{"line":6,"column":52}},"6":{"start":{"line":7,"column":0},"end":{"line":7,"column":59}},"7":{"start":{"line":11,"column":30},"end":{"line":56,"column":null}},"8":{"start":{"line":12,"column":31},"end":{"line":12,"column":47}},"9":{"start":{"line":16,"column":4},"end":{"line":16,"column":56}},"10":{"start":{"line":21,"column":4},"end":{"line":21,"column":41}},"11":{"start":{"line":26,"column":4},"end":{"line":26,"column":47}},"12":{"start":{"line":31,"column":4},"end":{"line":31,"column":51}},"13":{"start":{"line":36,"column":4},"end":{"line":36,"column":62}},"14":{"start":{"line":45,"column":4},"end":{"line":45,"column":75}},"15":{"start":{"line":54,"column":4},"end":{"line":54,"column":76}},"16":{"start":{"line":15,"column":2},"end":{"line":17,"column":null}},"17":{"start":{"line":20,"column":2},"end":{"line":22,"column":null}},"18":{"start":{"line":25,"column":2},"end":{"line":27,"column":null}},"19":{"start":{"line":30,"column":2},"end":{"line":32,"column":null}},"20":{"start":{"line":35,"column":2},"end":{"line":37,"column":null}},"21":{"start":{"line":40,"column":2},"end":{"line":46,"column":null}},"22":{"start":{"line":49,"column":2},"end":{"line":55,"column":null}},"23":{"start":{"line":11,"column":13},"end":{"line":56,"column":null}}},"fnMap":{"0":{"name":"(anonymous_4)","decl":{"start":{"line":12,"column":2},"end":{"line":12,"column":31}},"loc":{"start":{"line":12,"column":61},"end":{"line":12,"column":65}}},"1":{"name":"(anonymous_5)","decl":{"start":{"line":15,"column":2},"end":{"line":15,"column":8}},"loc":{"start":{"line":15,"column":51},"end":{"line":17,"column":3}}},"2":{"name":"(anonymous_6)","decl":{"start":{"line":20,"column":2},"end":{"line":20,"column":9}},"loc":{"start":{"line":20,"column":9},"end":{"line":22,"column":3}}},"3":{"name":"(anonymous_7)","decl":{"start":{"line":25,"column":2},"end":{"line":25,"column":9}},"loc":{"start":{"line":25,"column":41},"end":{"line":27,"column":3}}},"4":{"name":"(anonymous_8)","decl":{"start":{"line":30,"column":2},"end":{"line":30,"column":13}},"loc":{"start":{"line":30,"column":45},"end":{"line":32,"column":3}}},"5":{"name":"(anonymous_9)","decl":{"start":{"line":35,"column":2},"end":{"line":35,"column":12}},"loc":{"start":{"line":35,"column":77},"end":{"line":37,"column":3}}},"6":{"name":"(anonymous_10)","decl":{"start":{"line":40,"column":2},"end":{"line":40,"column":11}},"loc":{"start":{"line":43,"column":35},"end":{"line":46,"column":3}}},"7":{"name":"(anonymous_11)","decl":{"start":{"line":49,"column":2},"end":{"line":49,"column":8}},"loc":{"start":{"line":52,"column":46},"end":{"line":55,"column":3}}}},"branchMap":{},"s":{"0":1,"1":1,"2":1,"3":1,"4":1,"5":1,"6":1,"7":1,"8":8,"9":1,"10":1,"11":1,"12":1,"13":1,"14":1,"15":1,"16":1,"17":1,"18":1,"19":1,"20":1,"21":1,"22":1,"23":1},"f":{"0":8,"1":1,"2":1,"3":1,"4":1,"5":1,"6":1,"7":1},"b":{}}
,"/Users/aryanteng/Desktop/SDOS/backend/src/project/project.module.ts": {"path":"/Users/aryanteng/Desktop/SDOS/backend/src/project/project.module.ts","statementMap":{"0":{"start":{"line":1,"column":0},"end":{"line":1,"column":40}},"1":{"start":{"line":2,"column":0},"end":{"line":2,"column":51}},"2":{"start":{"line":3,"column":0},"end":{"line":3,"column":57}},"3":{"start":{"line":4,"column":0},"end":{"line":4,"column":56}},"4":{"start":{"line":11,"column":26},"end":{"line":11,"column":null}},"5":{"start":{"line":11,"column":13},"end":{"line":11,"column":null}}},"fnMap":{},"branchMap":{},"s":{"0":0,"1":0,"2":0,"3":0,"4":0,"5":0},"f":{},"b":{}}
,"/Users/aryanteng/Desktop/SDOS/backend/src/project/project.service.ts": {"path":"/Users/aryanteng/Desktop/SDOS/backend/src/project/project.service.ts","statementMap":{"0":{"start":{"line":1,"column":0},"end":{"line":1,"column":71}},"1":{"start":{"line":4,"column":0},"end":{"line":4,"column":57}},"2":{"start":{"line":5,"column":0},"end":{"line":5,"column":65}},"3":{"start":{"line":9,"column":27},"end":{"line":281,"column":null}},"4":{"start":{"line":10,"column":22},"end":{"line":10,"column":30}},"5":{"start":{"line":12,"column":4},"end":{"line":72,"column":null}},"6":{"start":{"line":13,"column":22},"end":{"line":17,"column":8}},"7":{"start":{"line":18,"column":6},"end":{"line":19,"column":75}},"8":{"start":{"line":19,"column":8},"end":{"line":19,"column":75}},"9":{"start":{"line":20,"column":22},"end":{"line":24,"column":8}},"10":{"start":{"line":25,"column":6},"end":{"line":26,"column":75}},"11":{"start":{"line":26,"column":8},"end":{"line":26,"column":75}},"12":{"start":{"line":27,"column":6},"end":{"line":32,"column":null}},"13":{"start":{"line":28,"column":8},"end":{"line":31,"column":10}},"14":{"start":{"line":33,"column":6},"end":{"line":38,"column":null}},"15":{"start":{"line":34,"column":8},"end":{"line":37,"column":10}},"16":{"start":{"line":39,"column":22},"end":{"line":68,"column":8}},"17":{"start":{"line":69,"column":6},"end":{"line":69,"column":40}},"18":{"start":{"line":71,"column":6},"end":{"line":71,"column":71}},"19":{"start":{"line":76,"column":4},"end":{"line":104,"column":null}},"20":{"start":{"line":77,"column":6},"end":{"line":101,"column":9}},"21":{"start":{"line":103,"column":6},"end":{"line":103,"column":71}},"22":{"start":{"line":108,"column":20},"end":{"line":135,"column":6}},"23":{"start":{"line":136,"column":4},"end":{"line":137,"column":73}},"24":{"start":{"line":137,"column":6},"end":{"line":137,"column":73}},"25":{"start":{"line":138,"column":4},"end":{"line":138,"column":19}},"26":{"start":{"line":142,"column":20},"end":{"line":165,"column":6}},"27":{"start":{"line":166,"column":4},"end":{"line":167,"column":73}},"28":{"start":{"line":167,"column":6},"end":{"line":167,"column":73}},"29":{"start":{"line":168,"column":4},"end":{"line":168,"column":27}},"30":{"start":{"line":172,"column":20},"end":{"line":172,"column":69}},"31":{"start":{"line":173,"column":4},"end":{"line":173,"column":23}},"32":{"start":{"line":181,"column":20},"end":{"line":181,"column":69}},"33":{"start":{"line":182,"column":4},"end":{"line":183,"column":71}},"34":{"start":{"line":183,"column":6},"end":{"line":183,"column":71}},"35":{"start":{"line":184,"column":4},"end":{"line":218,"column":null}},"36":{"start":{"line":185,"column":22},"end":{"line":214,"column":8}},"37":{"start":{"line":215,"column":6},"end":{"line":215,"column":21}},"38":{"start":{"line":217,"column":6},"end":{"line":217,"column":71}},"39":{"start":{"line":226,"column":20},"end":{"line":226,"column":69}},"40":{"start":{"line":227,"column":4},"end":{"line":228,"column":71}},"41":{"start":{"line":228,"column":6},"end":{"line":228,"column":71}},"42":{"start":{"line":229,"column":4},"end":{"line":259,"column":null}},"43":{"start":{"line":230,"column":6},"end":{"line":256,"column":9}},"44":{"start":{"line":258,"column":6},"end":{"line":258,"column":71}},"45":{"start":{"line":263,"column":20},"end":{"line":274,"column":6}},"46":{"start":{"line":275,"column":4},"end":{"line":276,"column":73}},"47":{"start":{"line":276,"column":6},"end":{"line":276,"column":73}},"48":{"start":{"line":277,"column":4},"end":{"line":279,"column":14}},"49":{"start":{"line":277,"column":40},"end":{"line":277,"column":70}},"50":{"start":{"line":9,"column":13},"end":{"line":281,"column":null}}},"fnMap":{"0":{"name":"(anonymous_2)","decl":{"start":{"line":10,"column":2},"end":{"line":10,"column":22}},"loc":{"start":{"line":10,"column":43},"end":{"line":10,"column":47}}},"1":{"name":"(anonymous_3)","decl":{"start":{"line":11,"column":2},"end":{"line":11,"column":7}},"loc":{"start":{"line":11,"column":49},"end":{"line":73,"column":3}}},"2":{"name":"(anonymous_4)","decl":{"start":{"line":75,"column":2},"end":{"line":75,"column":7}},"loc":{"start":{"line":75,"column":15},"end":{"line":105,"column":3}}},"3":{"name":"(anonymous_5)","decl":{"start":{"line":107,"column":2},"end":{"line":107,"column":7}},"loc":{"start":{"line":107,"column":30},"end":{"line":139,"column":3}}},"4":{"name":"(anonymous_6)","decl":{"start":{"line":141,"column":2},"end":{"line":141,"column":7}},"loc":{"start":{"line":141,"column":34},"end":{"line":169,"column":3}}},"5":{"name":"(anonymous_7)","decl":{"start":{"line":171,"column":2},"end":{"line":171,"column":7}},"loc":{"start":{"line":171,"column":53},"end":{"line":174,"column":3}}},"6":{"name":"(anonymous_8)","decl":{"start":{"line":176,"column":2},"end":{"line":176,"column":7}},"loc":{"start":{"line":179,"column":38},"end":{"line":219,"column":3}}},"7":{"name":"(anonymous_9)","decl":{"start":{"line":221,"column":2},"end":{"line":221,"column":7}},"loc":{"start":{"line":224,"column":30},"end":{"line":260,"column":3}}},"8":{"name":"(anonymous_10)","decl":{"start":{"line":262,"column":2},"end":{"line":262,"column":7}},"loc":{"start":{"line":262,"column":61},"end":{"line":280,"column":3}}},"9":{"name":"(anonymous_11)","decl":{"start":{"line":277,"column":30},"end":{"line":277,"column":31}},"loc":{"start":{"line":277,"column":40},"end":{"line":277,"column":70}}}},"branchMap":{"0":{"loc":{"start":{"line":18,"column":6},"end":{"line":19,"column":75}},"type":"if","locations":[{"start":{"line":18,"column":6},"end":{"line":19,"column":75}}]},"1":{"loc":{"start":{"line":25,"column":6},"end":{"line":26,"column":75}},"type":"if","locations":[{"start":{"line":25,"column":6},"end":{"line":26,"column":75}}]},"2":{"loc":{"start":{"line":27,"column":6},"end":{"line":32,"column":null}},"type":"if","locations":[{"start":{"line":27,"column":6},"end":{"line":32,"column":null}}]},"3":{"loc":{"start":{"line":33,"column":6},"end":{"line":38,"column":null}},"type":"if","locations":[{"start":{"line":33,"column":6},"end":{"line":38,"column":null}}]},"4":{"loc":{"start":{"line":136,"column":4},"end":{"line":137,"column":73}},"type":"if","locations":[{"start":{"line":136,"column":4},"end":{"line":137,"column":73}}]},"5":{"loc":{"start":{"line":166,"column":4},"end":{"line":167,"column":73}},"type":"if","locations":[{"start":{"line":166,"column":4},"end":{"line":167,"column":73}}]},"6":{"loc":{"start":{"line":182,"column":4},"end":{"line":183,"column":71}},"type":"if","locations":[{"start":{"line":182,"column":4},"end":{"line":183,"column":71}}]},"7":{"loc":{"start":{"line":227,"column":4},"end":{"line":228,"column":71}},"type":"if","locations":[{"start":{"line":227,"column":4},"end":{"line":228,"column":71}}]},"8":{"loc":{"start":{"line":275,"column":4},"end":{"line":276,"column":73}},"type":"if","locations":[{"start":{"line":275,"column":4},"end":{"line":276,"column":73}}]},"9":{"loc":{"start":{"line":277,"column":11},"end":{"line":279,"column":13}},"type":"cond-expr","locations":[{"start":{"line":278,"column":8},"end":{"line":278,"column":12}},{"start":{"line":279,"column":8},"end":{"line":279,"column":13}}]}},"s":{"0":2,"1":2,"2":2,"3":2,"4":24,"5":1,"6":1,"7":1,"8":1,"9":0,"10":0,"11":0,"12":0,"13":0,"14":0,"15":0,"16":0,"17":0,"18":1,"19":1,"20":1,"21":0,"22":1,"23":1,"24":0,"25":1,"26":5,"27":5,"28":4,"29":1,"30":1,"31":1,"32":1,"33":1,"34":0,"35":1,"36":1,"37":1,"38":0,"39":1,"40":1,"41":1,"42":0,"43":0,"44":0,"45":7,"46":7,"47":0,"48":7,"49":9,"50":2},"f":{"0":24,"1":1,"2":1,"3":1,"4":5,"5":1,"6":1,"7":1,"8":7,"9":9},"b":{"0":[1],"1":[0],"2":[0],"3":[0],"4":[0],"5":[4],"6":[0],"7":[1],"8":[0],"9":[5,2]}}
,"/Users/aryanteng/Desktop/SDOS/backend/src/project/dto/add-update.dto.ts": {"path":"/Users/aryanteng/Desktop/SDOS/backend/src/project/dto/add-update.dto.ts","statementMap":{"0":{"start":{"line":1,"column":0},"end":{"line":1,"column":46}},"1":{"start":{"line":2,"column":0},"end":{"line":2,"column":55}},"2":{"start":{"line":4,"column":0},"end":{"line":4,"column":13}},"3":{"start":{"line":8,"column":2},"end":{"line":8,"column":null}},"4":{"start":{"line":13,"column":2},"end":{"line":13,"column":null}}},"fnMap":{},"branchMap":{},"s":{"0":1,"1":1,"2":1,"3":1,"4":1},"f":{},"b":{}}
,"/Users/aryanteng/Desktop/SDOS/backend/src/project/dto/create-project.dto.ts": {"path":"/Users/aryanteng/Desktop/SDOS/backend/src/project/dto/create-project.dto.ts","statementMap":{"0":{"start":{"line":1,"column":0},"end":{"line":1,"column":46}},"1":{"start":{"line":2,"column":0},"end":{"line":2,"column":55}},"2":{"start":{"line":4,"column":0},"end":{"line":4,"column":13}},"3":{"start":{"line":8,"column":2},"end":{"line":8,"column":null}},"4":{"start":{"line":13,"column":2},"end":{"line":13,"column":null}},"5":{"start":{"line":18,"column":2},"end":{"line":18,"column":null}},"6":{"start":{"line":23,"column":2},"end":{"line":23,"column":null}}},"fnMap":{},"branchMap":{},"s":{"0":1,"1":1,"2":1,"3":1,"4":1,"5":1,"6":1},"f":{},"b":{}}
,"/Users/aryanteng/Desktop/SDOS/backend/src/project/dto/update-project.dto.ts": {"path":"/Users/aryanteng/Desktop/SDOS/backend/src/project/dto/update-project.dto.ts","statementMap":{"0":{"start":{"line":1,"column":0},"end":{"line":1,"column":46}},"1":{"start":{"line":2,"column":0},"end":{"line":2,"column":47}},"2":{"start":{"line":3,"column":0},"end":{"line":3,"column":51}},"3":{"start":{"line":5,"column":0},"end":{"line":5,"column":13}},"4":{"start":{"line":8,"column":2},"end":{"line":8,"column":null}},"5":{"start":{"line":12,"column":2},"end":{"line":12,"column":null}},"6":{"start":{"line":17,"column":2},"end":{"line":17,"column":null}}},"fnMap":{},"branchMap":{},"s":{"0":1,"1":1,"2":1,"3":1,"4":1,"5":1,"6":1},"f":{},"b":{}}
,"/Users/aryanteng/Desktop/SDOS/backend/src/project/entities/project.entity.ts": {"path":"/Users/aryanteng/Desktop/SDOS/backend/src/project/entities/project.entity.ts","statementMap":{"0":{"start":{"line":1,"column":0},"end":{"line":1,"column":13}}},"fnMap":{},"branchMap":{},"s":{"0":0},"f":{},"b":{}}
,"/Users/aryanteng/Desktop/SDOS/backend/src/project/mock/index.ts": {"path":"/Users/aryanteng/Desktop/SDOS/backend/src/project/mock/index.ts","statementMap":{"0":{"start":{"line":1,"column":0},"end":{"line":1,"column":47}},"1":{"start":{"line":3,"column":0},"end":{"line":3,"column":79}},"2":{"start":{"line":4,"column":0},"end":{"line":4,"column":43}},"3":{"start":{"line":7,"column":13},"end":{"line":31,"column":2}},"4":{"start":{"line":33,"column":13},"end":{"line":38,"column":2}},"5":{"start":{"line":40,"column":13},"end":{"line":43,"column":2}}},"fnMap":{},"branchMap":{},"s":{"0":2,"1":2,"2":2,"3":2,"4":2,"5":2},"f":{},"b":{}}
,"/Users/aryanteng/Desktop/SDOS/backend/src/types/areasOfInterests.ts": {"path":"/Users/aryanteng/Desktop/SDOS/backend/src/types/areasOfInterests.ts","statementMap":{"0":{"start":{"line":1,"column":13},"end":{"line":20,"column":3}}},"fnMap":{},"branchMap":{},"s":{"0":0},"f":{},"b":{}}
,"/Users/aryanteng/Desktop/SDOS/backend/src/user/user.controller.ts": {"path":"/Users/aryanteng/Desktop/SDOS/backend/src/user/user.controller.ts","statementMap":{"0":{"start":{"line":1,"column":0},"end":{"line":1,"column":77}},"1":{"start":{"line":2,"column":0},"end":{"line":2,"column":45}},"2":{"start":{"line":3,"column":0},"end":{"line":3,"column":54}},"3":{"start":{"line":4,"column":0},"end":{"line":4,"column":42}},"4":{"start":{"line":5,"column":0},"end":{"line":5,"column":59}},"5":{"start":{"line":9,"column":27},"end":{"line":49,"column":null}},"6":{"start":{"line":10,"column":31},"end":{"line":10,"column":44}},"7":{"start":{"line":14,"column":4},"end":{"line":14,"column":60}},"8":{"start":{"line":19,"column":4},"end":{"line":19,"column":42}},"9":{"start":{"line":24,"column":4},"end":{"line":24,"column":44}},"10":{"start":{"line":29,"column":4},"end":{"line":29,"column":44}},"11":{"start":{"line":34,"column":4},"end":{"line":34,"column":49}},"12":{"start":{"line":42,"column":4},"end":{"line":42,"column":62}},"13":{"start":{"line":47,"column":4},"end":{"line":47,"column":55}},"14":{"start":{"line":13,"column":2},"end":{"line":15,"column":null}},"15":{"start":{"line":18,"column":2},"end":{"line":20,"column":null}},"16":{"start":{"line":23,"column":2},"end":{"line":25,"column":null}},"17":{"start":{"line":28,"column":2},"end":{"line":30,"column":null}},"18":{"start":{"line":33,"column":2},"end":{"line":35,"column":null}},"19":{"start":{"line":38,"column":2},"end":{"line":43,"column":null}},"20":{"start":{"line":46,"column":2},"end":{"line":48,"column":null}},"21":{"start":{"line":9,"column":13},"end":{"line":49,"column":null}}},"fnMap":{"0":{"name":"(anonymous_4)","decl":{"start":{"line":10,"column":2},"end":{"line":10,"column":31}},"loc":{"start":{"line":10,"column":55},"end":{"line":10,"column":59}}},"1":{"name":"(anonymous_5)","decl":{"start":{"line":13,"column":2},"end":{"line":13,"column":21}},"loc":{"start":{"line":13,"column":53},"end":{"line":15,"column":3}}},"2":{"name":"(anonymous_6)","decl":{"start":{"line":18,"column":2},"end":{"line":18,"column":13}},"loc":{"start":{"line":18,"column":13},"end":{"line":20,"column":3}}},"3":{"name":"(anonymous_7)","decl":{"start":{"line":23,"column":2},"end":{"line":23,"column":15}},"loc":{"start":{"line":23,"column":15},"end":{"line":25,"column":3}}},"4":{"name":"(anonymous_8)","decl":{"start":{"line":28,"column":2},"end":{"line":28,"column":9}},"loc":{"start":{"line":28,"column":41},"end":{"line":30,"column":3}}},"5":{"name":"(anonymous_9)","decl":{"start":{"line":33,"column":2},"end":{"line":33,"column":14}},"loc":{"start":{"line":33,"column":46},"end":{"line":35,"column":3}}},"6":{"name":"(anonymous_10)","decl":{"start":{"line":38,"column":2},"end":{"line":38,"column":8}},"loc":{"start":{"line":40,"column":40},"end":{"line":43,"column":3}}},"7":{"name":"(anonymous_11)","decl":{"start":{"line":46,"column":2},"end":{"line":46,"column":8}},"loc":{"start":{"line":46,"column":73},"end":{"line":48,"column":3}}}},"branchMap":{},"s":{"0":1,"1":1,"2":1,"3":1,"4":1,"5":1,"6":8,"7":1,"8":1,"9":1,"10":1,"11":1,"12":1,"13":1,"14":1,"15":1,"16":1,"17":1,"18":1,"19":1,"20":1,"21":1},"f":{"0":8,"1":1,"2":1,"3":1,"4":1,"5":1,"6":1,"7":1},"b":{}}
,"/Users/aryanteng/Desktop/SDOS/backend/src/user/user.module.ts": {"path":"/Users/aryanteng/Desktop/SDOS/backend/src/user/user.module.ts","statementMap":{"0":{"start":{"line":1,"column":0},"end":{"line":1,"column":40}},"1":{"start":{"line":2,"column":0},"end":{"line":2,"column":45}},"2":{"start":{"line":3,"column":0},"end":{"line":3,"column":51}},"3":{"start":{"line":4,"column":0},"end":{"line":4,"column":56}},"4":{"start":{"line":11,"column":23},"end":{"line":11,"column":null}},"5":{"start":{"line":11,"column":13},"end":{"line":11,"column":null}}},"fnMap":{},"branchMap":{},"s":{"0":0,"1":0,"2":0,"3":0,"4":0,"5":0},"f":{},"b":{}}
,"/Users/aryanteng/Desktop/SDOS/backend/src/user/user.service.ts": {"path":"/Users/aryanteng/Desktop/SDOS/backend/src/user/user.service.ts","statementMap":{"0":{"start":{"line":1,"column":0},"end":{"line":1,"column":71}},"1":{"start":{"line":3,"column":0},"end":{"line":3,"column":57}},"2":{"start":{"line":4,"column":0},"end":{"line":4,"column":42}},"3":{"start":{"line":5,"column":0},"end":{"line":5,"column":40}},"4":{"start":{"line":8,"column":24},"end":{"line":230,"column":null}},"5":{"start":{"line":10,"column":22},"end":{"line":10,"column":30}},"6":{"start":{"line":11,"column":4},"end":{"line":11,"column":37}},"7":{"start":{"line":15,"column":17},"end":{"line":23,"column":6}},"8":{"start":{"line":24,"column":4},"end":{"line":26,"column":null}},"9":{"start":{"line":25,"column":6},"end":{"line":25,"column":70}},"10":{"start":{"line":27,"column":4},"end":{"line":51,"column":7}},"11":{"start":{"line":55,"column":4},"end":{"line":64,"column":null}},"12":{"start":{"line":56,"column":22},"end":{"line":60,"column":8}},"13":{"start":{"line":61,"column":6},"end":{"line":61,"column":21}},"14":{"start":{"line":63,"column":6},"end":{"line":63,"column":79}},"15":{"start":{"line":68,"column":4},"end":{"line":77,"column":null}},"16":{"start":{"line":69,"column":24},"end":{"line":73,"column":8}},"17":{"start":{"line":74,"column":6},"end":{"line":74,"column":23}},"18":{"start":{"line":76,"column":6},"end":{"line":76,"column":79}},"19":{"start":{"line":81,"column":17},"end":{"line":102,"column":6}},"20":{"start":{"line":103,"column":4},"end":{"line":105,"column":null}},"21":{"start":{"line":104,"column":6},"end":{"line":104,"column":70}},"22":{"start":{"line":106,"column":4},"end":{"line":106,"column":16}},"23":{"start":{"line":110,"column":17},"end":{"line":142,"column":6}},"24":{"start":{"line":143,"column":4},"end":{"line":145,"column":null}},"25":{"start":{"line":144,"column":6},"end":{"line":144,"column":70}},"26":{"start":{"line":146,"column":4},"end":{"line":146,"column":25}},"27":{"start":{"line":150,"column":17},"end":{"line":154,"column":6}},"28":{"start":{"line":155,"column":4},"end":{"line":157,"column":null}},"29":{"start":{"line":156,"column":6},"end":{"line":156,"column":70}},"30":{"start":{"line":158,"column":4},"end":{"line":169,"column":7}},"31":{"start":{"line":173,"column":4},"end":{"line":228,"column":null}},"32":{"start":{"line":174,"column":6},"end":{"line":223,"column":9}},"33":{"start":{"line":175,"column":21},"end":{"line":190,"column":10}},"34":{"start":{"line":192,"column":8},"end":{"line":194,"column":null}},"35":{"start":{"line":193,"column":10},"end":{"line":193,"column":74}},"36":{"start":{"line":196,"column":8},"end":{"line":198,"column":null}},"37":{"start":{"line":197,"column":10},"end":{"line":197,"column":75}},"38":{"start":{"line":200,"column":8},"end":{"line":204,"column":11}},"39":{"start":{"line":206,"column":8},"end":{"line":214,"column":11}},"40":{"start":{"line":216,"column":8},"end":{"line":220,"column":11}},"41":{"start":{"line":222,"column":8},"end":{"line":222,"column":68}},"42":{"start":{"line":225,"column":6},"end":{"line":225,"column":13}},"43":{"start":{"line":227,"column":6},"end":{"line":227,"column":79}},"44":{"start":{"line":8,"column":13},"end":{"line":230,"column":null}}},"fnMap":{"0":{"name":"(anonymous_2)","decl":{"start":{"line":10,"column":2},"end":{"line":10,"column":22}},"loc":{"start":{"line":10,"column":43},"end":{"line":12,"column":3}}},"1":{"name":"(anonymous_3)","decl":{"start":{"line":14,"column":2},"end":{"line":14,"column":7}},"loc":{"start":{"line":14,"column":46},"end":{"line":52,"column":3}}},"2":{"name":"(anonymous_4)","decl":{"start":{"line":54,"column":2},"end":{"line":54,"column":7}},"loc":{"start":{"line":54,"column":19},"end":{"line":65,"column":3}}},"3":{"name":"(anonymous_5)","decl":{"start":{"line":67,"column":2},"end":{"line":67,"column":7}},"loc":{"start":{"line":67,"column":21},"end":{"line":78,"column":3}}},"4":{"name":"(anonymous_6)","decl":{"start":{"line":80,"column":2},"end":{"line":80,"column":7}},"loc":{"start":{"line":80,"column":30},"end":{"line":107,"column":3}}},"5":{"name":"(anonymous_7)","decl":{"start":{"line":109,"column":2},"end":{"line":109,"column":7}},"loc":{"start":{"line":109,"column":35},"end":{"line":147,"column":3}}},"6":{"name":"(anonymous_8)","decl":{"start":{"line":149,"column":2},"end":{"line":149,"column":7}},"loc":{"start":{"line":149,"column":63},"end":{"line":170,"column":3}}},"7":{"name":"(anonymous_9)","decl":{"start":{"line":172,"column":2},"end":{"line":172,"column":7}},"loc":{"start":{"line":172,"column":49},"end":{"line":229,"column":3}}},"8":{"name":"(anonymous_10)","decl":{"start":{"line":174,"column":37},"end":{"line":174,"column":42}},"loc":{"start":{"line":174,"column":59},"end":{"line":223,"column":7}}}},"branchMap":{"0":{"loc":{"start":{"line":24,"column":4},"end":{"line":26,"column":null}},"type":"if","locations":[{"start":{"line":24,"column":4},"end":{"line":26,"column":null}}]},"1":{"loc":{"start":{"line":103,"column":4},"end":{"line":105,"column":null}},"type":"if","locations":[{"start":{"line":103,"column":4},"end":{"line":105,"column":null}}]},"2":{"loc":{"start":{"line":143,"column":4},"end":{"line":145,"column":null}},"type":"if","locations":[{"start":{"line":143,"column":4},"end":{"line":145,"column":null}}]},"3":{"loc":{"start":{"line":155,"column":4},"end":{"line":157,"column":null}},"type":"if","locations":[{"start":{"line":155,"column":4},"end":{"line":157,"column":null}}]},"4":{"loc":{"start":{"line":192,"column":8},"end":{"line":194,"column":null}},"type":"if","locations":[{"start":{"line":192,"column":8},"end":{"line":194,"column":null}}]},"5":{"loc":{"start":{"line":196,"column":8},"end":{"line":198,"column":null}},"type":"if","locations":[{"start":{"line":196,"column":8},"end":{"line":198,"column":null}}]}},"s":{"0":2,"1":2,"2":2,"3":2,"4":2,"5":19,"6":19,"7":1,"8":1,"9":1,"10":0,"11":1,"12":1,"13":1,"14":0,"15":1,"16":1,"17":1,"18":0,"19":5,"20":5,"21":4,"22":1,"23":1,"24":1,"25":0,"26":1,"27":1,"28":1,"29":1,"30":0,"31":1,"32":1,"33":1,"34":1,"35":1,"36":0,"37":0,"38":0,"39":0,"40":0,"41":0,"42":0,"43":1,"44":2},"f":{"0":19,"1":1,"2":1,"3":1,"4":5,"5":1,"6":1,"7":1,"8":1},"b":{"0":[1],"1":[4],"2":[0],"3":[1],"4":[1],"5":[0]}}
,"/Users/aryanteng/Desktop/SDOS/backend/src/user/dto/update-user.dto.ts": {"path":"/Users/aryanteng/Desktop/SDOS/backend/src/user/dto/update-user.dto.ts","statementMap":{"0":{"start":{"line":1,"column":0},"end":{"line":1,"column":46}},"1":{"start":{"line":2,"column":0},"end":{"line":2,"column":66}},"2":{"start":{"line":3,"column":0},"end":{"line":3,"column":13}},"3":{"start":{"line":6,"column":2},"end":{"line":6,"column":null}},"4":{"start":{"line":10,"column":2},"end":{"line":10,"column":null}},"5":{"start":{"line":16,"column":2},"end":{"line":16,"column":null}}},"fnMap":{},"branchMap":{},"s":{"0":1,"1":1,"2":1,"3":1,"4":1,"5":1},"f":{},"b":{}}
,"/Users/aryanteng/Desktop/SDOS/backend/src/user/entities/user.entity.ts": {"path":"/Users/aryanteng/Desktop/SDOS/backend/src/user/entities/user.entity.ts","statementMap":{"0":{"start":{"line":1,"column":0},"end":{"line":1,"column":13}}},"fnMap":{},"branchMap":{},"s":{"0":0},"f":{},"b":{}}
,"/Users/aryanteng/Desktop/SDOS/backend/src/user/mock/index.ts": {"path":"/Users/aryanteng/Desktop/SDOS/backend/src/user/mock/index.ts","statementMap":{"0":{"start":{"line":3,"column":13},"end":{"line":7,"column":2}}},"fnMap":{},"branchMap":{},"s":{"0":2},"f":{},"b":{}}
}
