TN:
SF:src/app.controller.ts
FN:6,(anonymous_2)
FN:8,(anonymous_3)
FNF:2
FNH:2
FNDA:1,(anonymous_2)
FNDA:1,(anonymous_3)
DA:1,1
DA:2,1
DA:5,1
DA:6,1
DA:8,1
DA:9,1
LF:6
LH:6
BRF:0
BRH:0
end_of_record
TN:
SF:src/app.module.ts
FN:34,(anonymous_1)
FNF:1
FNH:0
FNDA:0,(anonymous_1)
DA:1,0
DA:7,0
DA:8,0
DA:9,0
DA:10,0
DA:11,0
DA:12,0
DA:13,0
DA:14,0
DA:15,0
DA:33,0
DA:35,0
LF:12
LH:0
BRF:0
BRH:0
end_of_record
TN:
SF:src/app.service.ts
FN:5,(anonymous_1)
FNF:1
FNH:1
FNDA:1,(anonymous_1)
DA:1,1
DA:4,1
DA:6,1
LF:3
LH:3
BRF:0
BRH:0
end_of_record
TN:
SF:src/main.ts
FN:7,bootstrap
FNF:1
FNH:0
FNDA:0,bootstrap
DA:1,0
DA:2,0
DA:3,0
DA:4,0
DA:5,0
DA:8,0
DA:9,0
DA:10,0
DA:11,0
DA:16,0
DA:17,0
DA:19,0
DA:21,0
LF:13
LH:0
BRF:0
BRH:0
end_of_record
TN:
SF:src/script.ts
FN:5,main
FN:10,(anonymous_1)
FN:13,(anonymous_2)
FNF:3
FNH:0
FNDA:0,main
FNDA:0,(anonymous_1)
FNDA:0,(anonymous_2)
DA:1,0
DA:3,0
DA:6,0
DA:9,0
DA:11,0
DA:14,0
DA:15,0
DA:16,0
LF:8
LH:0
BRF:0
BRH:0
end_of_record
TN:
SF:src/auth/auth.controller.ts
FN:12,(anonymous_4)
FN:15,(anonymous_5)
FN:20,(anonymous_6)
FN:25,(anonymous_7)
FNF:4
FNH:1
FNDA:4,(anonymous_4)
FNDA:0,(anonymous_5)
FNDA:0,(anonymous_6)
FNDA:0,(anonymous_7)
DA:1,1
DA:2,1
DA:3,1
DA:4,1
DA:5,1
DA:6,1
DA:7,1
DA:11,1
DA:12,4
DA:15,1
DA:16,0
DA:20,1
DA:21,0
DA:25,1
DA:28,0
LF:15
LH:12
BRF:0
BRH:0
end_of_record
TN:
SF:src/auth/auth.module.ts
FNF:0
FNH:0
DA:1,0
DA:2,0
DA:3,0
DA:4,0
DA:11,0
LF:5
LH:0
BRF:0
BRH:0
end_of_record
TN:
SF:src/auth/auth.service.ts
FN:12,(anonymous_2)
FN:13,(anonymous_3)
FN:57,(anonymous_4)
FN:127,(anonymous_5)
FNF:4
FNH:4
FNDA:10,(anonymous_2)
FNDA:2,(anonymous_3)
FNDA:1,(anonymous_4)
FNDA:1,(anonymous_5)
DA:2,2
DA:5,2
DA:6,2
DA:7,2
DA:9,2
DA:11,2
DA:12,10
DA:14,2
DA:37,2
DA:51,2
DA:52,1
DA:54,1
DA:58,1
DA:66,1
DA:67,0
DA:72,1
DA:73,0
DA:78,1
DA:79,1
DA:80,1
DA:120,1
DA:121,0
DA:123,1
DA:128,1
DA:129,1
DA:135,1
DA:139,1
DA:162,0
DA:163,0
DA:168,0
LF:30
LH:24
BRDA:51,0,0,1
BRDA:51,1,0,2
BRDA:51,1,1,1
BRDA:54,2,0,0
BRDA:54,2,1,1
BRDA:66,3,0,0
BRDA:66,4,0,1
BRDA:66,4,1,1
BRDA:72,5,0,0
BRDA:72,6,0,1
BRDA:72,6,1,0
BRDA:120,7,0,0
BRDA:162,8,0,0
BRF:13
BRH:7
end_of_record
TN:
SF:src/auth/dto/login.dto.ts
FNF:0
FNH:0
DA:1,1
DA:2,1
DA:4,1
DA:9,1
DA:14,1
LF:5
LH:5
BRF:0
BRH:0
end_of_record
TN:
SF:src/auth/dto/organisation.signup.dto.ts
FNF:0
FNH:0
DA:1,1
DA:2,1
DA:3,1
DA:5,1
DA:9,1
DA:14,1
DA:19,1
DA:24,1
DA:28,1
DA:33,1
DA:39,1
DA:43,1
LF:12
LH:12
BRF:0
BRH:0
end_of_record
TN:
SF:src/auth/dto/signup.dto.ts
FNF:0
FNH:0
DA:1,1
DA:2,1
DA:3,1
DA:12,1
DA:16,1
DA:21,1
DA:27,1
DA:32,1
DA:37,1
DA:42,1
DA:49,1
DA:54,1
DA:58,1
LF:13
LH:13
BRF:0
BRH:0
end_of_record
TN:
SF:src/auth/mock/index.ts
FNF:0
FNH:0
DA:1,6
DA:6,6
DA:29,6
DA:31,6
DA:36,6
DA:48,6
LF:6
LH:6
BRF:0
BRH:0
end_of_record
TN:
SF:src/auth/utils/index.ts
FN:1,generateRandomAlphanumericWithLength
FNF:1
FNH:1
FNDA:2,generateRandomAlphanumericWithLength
DA:1,4
DA:3,2
DA:4,2
DA:5,2
DA:6,2
DA:7,10
DA:8,10
DA:10,2
LF:8
LH:8
BRF:0
BRH:0
end_of_record
TN:
SF:src/common/decorators/user.decorator.ts
FN:4,(anonymous_0)
FNF:1
FNH:0
FNDA:0,(anonymous_0)
DA:1,5
DA:3,5
DA:5,0
DA:6,0
DA:7,0
LF:5
LH:2
BRDA:7,0,0,0
BRDA:7,0,1,0
BRDA:7,1,0,0
BRDA:7,1,1,0
BRDA:7,2,0,0
BRDA:7,2,1,0
BRF:6
BRH:0
end_of_record
TN:
SF:src/common/filters/http-exception.filter.ts
FN:11,(anonymous_1)
FNF:1
FNH:0
FNDA:0,(anonymous_1)
DA:1,0
DA:10,0
DA:12,0
DA:13,0
DA:14,0
DA:15,0
DA:17,0
LF:7
LH:0
BRF:0
BRH:0
end_of_record
TN:
SF:src/firebase/config.ts
FNF:0
FNH:0
DA:1,0
LF:1
LH:0
BRF:0
BRH:0
end_of_record
TN:
SF:src/firebase/firebase.config.ts
FNF:0
FNH:0
DA:1,0
DA:3,0
DA:9,0
LF:3
LH:0
BRF:0
BRH:0
end_of_record
TN:
SF:src/firebase/firebase.service.ts
FN:9,(anonymous_2)
FN:15,(anonymous_3)
FNF:2
FNH:0
FNDA:0,(anonymous_2)
FNDA:0,(anonymous_3)
DA:1,0
DA:2,0
DA:3,0
DA:6,0
DA:10,0
DA:15,0
DA:16,0
LF:7
LH:0
BRF:0
BRH:0
end_of_record
TN:
SF:src/middleware/auth.middleware.ts
FN:10,(anonymous_2)
FN:14,(anonymous_3)
FN:19,(anonymous_4)
FN:25,(anonymous_5)
FN:33,(anonymous_6)
FNF:5
FNH:0
FNDA:0,(anonymous_2)
FNDA:0,(anonymous_3)
FNDA:0,(anonymous_4)
FNDA:0,(anonymous_5)
FNDA:0,(anonymous_6)
DA:1,0
DA:4,0
DA:7,0
DA:10,0
DA:11,0
DA:15,0
DA:16,0
DA:17,0
DA:20,0
DA:23,0
DA:26,0
DA:29,0
DA:34,0
LF:13
LH:0
BRDA:16,0,0,0
BRDA:16,0,1,0
BRDA:16,1,0,0
BRDA:16,1,1,0
BRF:4
BRH:0
end_of_record
TN:
SF:src/organisation/organisation.controller.ts
FN:10,(anonymous_4)
FN:13,(anonymous_5)
FN:18,(anonymous_6)
FN:23,(anonymous_7)
FN:28,(anonymous_8)
FN:33,(anonymous_9)
FN:38,(anonymous_10)
FNF:7
FNH:7
FNDA:15,(anonymous_4)
FNDA:1,(anonymous_5)
FNDA:1,(anonymous_6)
FNDA:1,(anonymous_7)
FNDA:1,(anonymous_8)
FNDA:1,(anonymous_9)
FNDA:1,(anonymous_10)
DA:1,2
DA:2,2
DA:3,2
DA:4,2
DA:5,2
DA:9,2
DA:10,15
DA:13,2
DA:14,1
DA:18,2
DA:19,1
DA:23,2
DA:24,1
DA:28,2
DA:29,1
DA:33,2
DA:34,1
DA:38,2
DA:42,1
LF:19
LH:19
BRF:0
BRH:0
end_of_record
TN:
SF:src/organisation/organisation.module.ts
FNF:0
FNH:0
DA:1,0
DA:2,0
DA:3,0
DA:4,0
DA:11,0
LF:5
LH:0
BRF:0
BRH:0
end_of_record
TN:
SF:src/organisation/organisation.service.ts
FN:7,(anonymous_2)
FN:9,(anonymous_3)
FN:23,(anonymous_4)
FN:32,(anonymous_5)
FN:53,(anonymous_6)
FN:76,(anonymous_7)
FN:115,(anonymous_8)
FNF:7
FNH:7
FNDA:15,(anonymous_2)
FNDA:1,(anonymous_3)
FNDA:1,(anonymous_4)
FNDA:2,(anonymous_5)
FNDA:1,(anonymous_6)
FNDA:1,(anonymous_7)
FNDA:2,(anonymous_8)
DA:1,2
DA:3,2
DA:6,2
DA:7,15
DA:10,1
DA:24,1
DA:33,2
DA:47,2
DA:48,1
DA:50,1
DA:54,1
DA:70,1
DA:71,0
DA:73,1
DA:77,1
DA:109,1
DA:110,0
DA:112,1
DA:119,2
DA:134,2
DA:135,1
DA:137,1
LF:22
LH:20
BRDA:47,0,0,1
BRDA:70,1,0,0
BRDA:109,2,0,0
BRDA:134,3,0,1
BRF:4
BRH:2
end_of_record
TN:
SF:src/organisation/dto/update-organisation.dto.ts
FNF:0
FNH:0
DA:1,2
DA:2,2
DA:4,2
DA:7,2
DA:11,2
DA:15,2
LF:6
LH:6
BRF:0
BRH:0
end_of_record
TN:
SF:src/organisation/entities/organisation.entity.ts
FNF:0
FNH:0
DA:1,0
LF:1
LH:0
BRF:0
BRH:0
end_of_record
TN:
SF:src/organisation/mock/index.ts
FNF:0
FNH:0
DA:1,8
DA:3,8
DA:36,8
DA:55,8
DA:72,8
DA:87,8
LF:6
LH:6
BRF:0
BRH:0
end_of_record
TN:
SF:src/prisma/prisma.module.ts
FNF:0
FNH:0
DA:1,0
DA:2,0
DA:8,0
LF:3
LH:0
BRF:0
BRH:0
end_of_record
TN:
SF:src/prisma/prisma.service.ts
FN:6,(anonymous_1)
FNF:1
FNH:0
FNDA:0,(anonymous_1)
DA:1,8
DA:2,8
DA:5,8
DA:7,0
LF:4
LH:3
BRF:0
BRH:0
end_of_record
TN:
SF:src/project/project.controller.ts
FN:12,(anonymous_4)
FN:15,(anonymous_5)
FN:20,(anonymous_6)
FN:25,(anonymous_7)
FN:30,(anonymous_8)
FN:35,(anonymous_9)
FN:40,(anonymous_10)
FN:49,(anonymous_11)
FNF:8
FNH:8
FNDA:8,(anonymous_4)
FNDA:1,(anonymous_5)
FNDA:1,(anonymous_6)
FNDA:1,(anonymous_7)
FNDA:1,(anonymous_8)
FNDA:1,(anonymous_9)
FNDA:1,(anonymous_10)
FNDA:1,(anonymous_11)
DA:1,1
DA:2,1
DA:3,1
DA:4,1
DA:5,1
DA:6,1
DA:7,1
DA:11,1
DA:12,8
DA:15,1
DA:16,1
DA:20,1
DA:21,1
DA:25,1
DA:26,1
DA:30,1
DA:31,1
DA:35,1
DA:36,1
DA:40,1
DA:45,1
DA:49,1
DA:54,1
LF:23
LH:23
BRF:0
BRH:0
end_of_record
TN:
SF:src/project/project.module.ts
FNF:0
FNH:0
DA:1,0
DA:2,0
DA:3,0
DA:4,0
DA:11,0
LF:5
LH:0
BRF:0
BRH:0
end_of_record
TN:
SF:src/project/project.service.ts
FN:10,(anonymous_2)
FN:11,(anonymous_3)
FN:75,(anonymous_4)
FN:107,(anonymous_5)
FN:141,(anonymous_6)
FN:171,(anonymous_7)
FN:176,(anonymous_8)
FN:221,(anonymous_9)
FN:262,(anonymous_10)
FN:277,(anonymous_11)
FNF:10
FNH:10
FNDA:24,(anonymous_2)
FNDA:1,(anonymous_3)
FNDA:1,(anonymous_4)
FNDA:1,(anonymous_5)
FNDA:5,(anonymous_6)
FNDA:1,(anonymous_7)
FNDA:1,(anonymous_8)
FNDA:1,(anonymous_9)
FNDA:7,(anonymous_10)
FNDA:9,(anonymous_11)
DA:1,2
DA:4,2
DA:5,2
DA:9,2
DA:10,24
DA:12,1
DA:13,1
DA:18,1
DA:19,1
DA:20,0
DA:25,0
DA:26,0
DA:27,0
DA:28,0
DA:33,0
DA:34,0
DA:39,0
DA:69,0
DA:71,1
DA:76,1
DA:77,1
DA:103,0
DA:108,1
DA:136,1
DA:137,0
DA:138,1
DA:142,5
DA:166,5
DA:167,4
DA:168,1
DA:172,1
DA:173,1
DA:181,1
DA:182,1
DA:183,0
DA:184,1
DA:185,1
DA:215,1
DA:217,0
DA:226,1
DA:227,1
DA:228,1
DA:229,0
DA:230,0
DA:258,0
DA:263,7
DA:275,7
DA:276,0
DA:277,9
LF:49
LH:32
BRDA:18,0,0,1
BRDA:25,1,0,0
BRDA:27,2,0,0
BRDA:33,3,0,0
BRDA:136,4,0,0
BRDA:166,5,0,4
BRDA:182,6,0,0
BRDA:227,7,0,1
BRDA:275,8,0,0
BRDA:277,9,0,5
BRDA:277,9,1,2
BRF:11
BRH:5
end_of_record
TN:
SF:src/project/dto/add-update.dto.ts
FNF:0
FNH:0
DA:1,1
DA:2,1
DA:4,1
DA:8,1
DA:13,1
LF:5
LH:5
BRF:0
BRH:0
end_of_record
TN:
SF:src/project/dto/create-project.dto.ts
FNF:0
FNH:0
DA:1,1
DA:2,1
DA:4,1
DA:8,1
DA:13,1
DA:18,1
DA:23,1
LF:7
LH:7
BRF:0
BRH:0
end_of_record
TN:
SF:src/project/dto/update-project.dto.ts
FNF:0
FNH:0
DA:1,1
DA:2,1
DA:3,1
DA:5,1
DA:8,1
DA:12,1
DA:17,1
LF:7
LH:7
BRF:0
BRH:0
end_of_record
TN:
SF:src/project/entities/project.entity.ts
FNF:0
FNH:0
DA:1,0
LF:1
LH:0
BRF:0
BRH:0
end_of_record
TN:
SF:src/project/mock/index.ts
FNF:0
FNH:0
DA:1,2
DA:3,2
DA:4,2
DA:7,2
DA:33,2
DA:40,2
LF:6
LH:6
BRF:0
BRH:0
end_of_record
TN:
SF:src/types/areasOfInterests.ts
FNF:0
FNH:0
DA:1,0
LF:1
LH:0
BRF:0
BRH:0
end_of_record
TN:
SF:src/user/user.controller.ts
FN:10,(anonymous_4)
FN:13,(anonymous_5)
FN:18,(anonymous_6)
FN:23,(anonymous_7)
FN:28,(anonymous_8)
FN:33,(anonymous_9)
FN:38,(anonymous_10)
FN:46,(anonymous_11)
FNF:8
FNH:8
FNDA:8,(anonymous_4)
FNDA:1,(anonymous_5)
FNDA:1,(anonymous_6)
FNDA:1,(anonymous_7)
FNDA:1,(anonymous_8)
FNDA:1,(anonymous_9)
FNDA:1,(anonymous_10)
FNDA:1,(anonymous_11)
DA:1,1
DA:2,1
DA:3,1
DA:4,1
DA:5,1
DA:9,1
DA:10,8
DA:13,1
DA:14,1
DA:18,1
DA:19,1
DA:23,1
DA:24,1
DA:28,1
DA:29,1
DA:33,1
DA:34,1
DA:38,1
DA:42,1
DA:46,1
DA:47,1
LF:21
LH:21
BRF:0
BRH:0
end_of_record
TN:
SF:src/user/user.module.ts
FNF:0
FNH:0
DA:1,0
DA:2,0
DA:3,0
DA:4,0
DA:11,0
LF:5
LH:0
BRF:0
BRH:0
end_of_record
TN:
SF:src/user/user.service.ts
FN:10,(anonymous_2)
FN:14,(anonymous_3)
FN:54,(anonymous_4)
FN:67,(anonymous_5)
FN:80,(anonymous_6)
FN:109,(anonymous_7)
FN:149,(anonymous_8)
FN:172,(anonymous_9)
FN:174,(anonymous_10)
FNF:9
FNH:9
FNDA:19,(anonymous_2)
FNDA:1,(anonymous_3)
FNDA:1,(anonymous_4)
FNDA:1,(anonymous_5)
FNDA:5,(anonymous_6)
FNDA:1,(anonymous_7)
FNDA:1,(anonymous_8)
FNDA:1,(anonymous_9)
FNDA:1,(anonymous_10)
DA:1,2
DA:3,2
DA:4,2
DA:5,2
DA:8,2
DA:10,19
DA:11,19
DA:15,1
DA:24,1
DA:25,1
DA:27,0
DA:55,1
DA:56,1
DA:61,1
DA:63,0
DA:68,1
DA:69,1
DA:74,1
DA:76,0
DA:81,5
DA:103,5
DA:104,4
DA:106,1
DA:110,1
DA:143,1
DA:144,0
DA:146,1
DA:150,1
DA:155,1
DA:156,1
DA:158,0
DA:173,1
DA:174,1
DA:175,1
DA:192,1
DA:193,1
DA:196,0
DA:197,0
DA:200,0
DA:206,0
DA:216,0
DA:222,0
DA:225,0
DA:227,1
LF:44
LH:32
BRDA:24,0,0,1
BRDA:103,1,0,4
BRDA:143,2,0,0
BRDA:155,3,0,1
BRDA:192,4,0,1
BRDA:196,5,0,0
BRF:6
BRH:4
end_of_record
TN:
SF:src/user/dto/update-user.dto.ts
FNF:0
FNH:0
DA:1,1
DA:2,1
DA:3,1
DA:6,1
DA:10,1
DA:16,1
LF:6
LH:6
BRF:0
BRH:0
end_of_record
TN:
SF:src/user/entities/user.entity.ts
FNF:0
FNH:0
DA:1,0
LF:1
LH:0
BRF:0
BRH:0
end_of_record
TN:
SF:src/user/mock/index.ts
FNF:0
FNH:0
DA:3,2
LF:1
LH:1
BRF:0
BRH:0
end_of_record
